-- 27.03.2026 --
- Корректировка отобжаения названий покупателей в уведомлениях.

-- 24.03.2026 --
- Добавлена система определения регионов заказа

-- 17.03.2026 --
- Обновлен mp_notification , реализован рабочий стол, каналы

-- 03.03.2026 --
- Отлажено отображение страниц "Аналитика" и "Облачные данные"
- Начата разработка mp_manager  в частности автоматизация работы по покупателям

-- 26.02.2026 --
- Начата реализация импорта старых заказов FB* Wildberries
- Добавлена поддержка сопоставления автоматического товаров в SKU на латинице и кирилице одновременно

-- 25.02.2026 --
- Убрана обязательность заполненния персональных полей у покупателей
- Обновлен метод анализа покупателей, теперь ID в Odoo привязывается к покупателю и не меняется при обновлении;
- Методам "импорт старых заказов: FBS Aliexpress , ALL Yandex Market" добавлен выбор складов и автовыбор если склад у профиля один
- Методу "импорт старых заказов: FBS Ozon" добавлен автовыбор если склад у профиля один
- Определена стартовая страница "Рабочий стол"
- Страница "Аналитики" добавлена в меню и ее функционал
- Добавлен метод "Импорт старых заказов FBO" для Ozon

-- 24.02.2026 --
- При удалении заказа теперь удаляектся и отгрузка
- Добавлен импорт старых заказов: FBS Aliexpress , ALL Yandex Market
- Добавлен импорт старых заказов: FBS Ozon

-- 23.02.2026 --
- Добавлено отображение "статус от покупателя" на персональной странице заказов
- Добавлен принудительный метод проверки статусов заказа Aliexpress
- Добавлен метод для крон задачи проверки статусов заказа Aliexpress
- Добавлен метод импорта старых заказов FBS Aliexpress;

-- 19.02.2026 --
- Для прфоилей Ozon добавлено время действия апи ключа.

-- 17.02.2026 --
- Применено изменение согласно: "16.02.2026 /v1/warehouse/list	Метод устаревает и будет отключён 20 марта 2026 года. Переключитесь на /v2/warehouse/list."
- Добавлена система прикрепления отзывов покупателям и указания дополнительных статусов покупателям.
- Блок "личная информаци" обновлен, добавлена возможность задавать пользовательские значения полям и так-же продолжать отображать и хранить серверные значения.
- Добавлена возможность ручного указания факта отмены заказа через "заявку на возврат" на персональной странице покупателя.


-- 08.02.2026 --
- добавлена загрушка на будущее "Обалчные данные" в аналист
- Добавлыены методы отслеживания отмен и доставок FBO и FBS для OZon
- Обновлены настройки подзадач планировщика
- Добавлены методы отслеживания статуса отмен и доставок в задачу "Сбор аналитика"


-- 06.02.2026 v33 --
- отработана задача импорта заказов FBo,FBW,FBY и настроена для существующей модели Ozon
- добавлен параметр "Смещение запланированного запуска" в настройки каждой из задач
- добавлен параметр "Запланированный запуск" в настройки каждой из задач

-- 04.02.2026 --
- доработана персональная страница покупателя
- добавлен метод импорта FBO принудительный
- Обновлены статусы у заказов не имеющих статусы

-- 03.02.2026 --
- добавлены все существующие методы доставки для всех провайдеров
- добавлены кнопки загрушки для импорта по новым методам в профили провайдеров
- добавлены задачи заглушки в провайдер по новым методам в профили провайдеров

-- 02.02.2026 --
- потенциально разрешена логика получения и управления FBS заказами
- система сбора статистики о покупателях базовый функционал
- персональная страница заказа переведена на Owl

-- 30.01.2026 --
- добавлена страница "покупатели" при активном приложении Аналитик МП
- доработан дизайн блока "планировщик"


-- 29.01.2026 v30 --
- доработана таблица остатков на персональной странице товаров
- утверждена и проработана логика формирования списка товаров для передачи остатков
- работа над эжкспортом остатков автоматическим

-- 28.01.2026 --
- добавлен пункт "Активные" в планировщике
- проработаны ошибки подзадач диспетчера
- добавлено приложение "Аналитика MP"
- Доп аналитические блоки со страницы "панель аналитики" перенесены в приложение "Аналитика MP"

-- 26.01.2026 v29 --
- реализован owl+quoue методы импорта товаров с запуском на странице провайдеров для всех провайдеров
- добавлены защита от случайного запуска для всех "экспорт остатков"
- проработан метод принудительного запуска импорта товаров из блока подзадачи диспетчера

-- 24.01.2026 --
- исправлен импорт складов
- исправлен экспорт остатков у всех
- доработан импорт складов, все у всех оптимизировано

-- 23.01.2026 --
- Начат переход на Queue_job  с мастера cron
- оптимизирован конфиг
- изменен файл queue_job>jobrunner>runner.py
- добавлены кнопки принудительного запуска подздач диспетчера
- добавлены кнопки кнопки заглушки "настройка" для  подздач диспетчера
- отлажен принудительный масс и сингл запуск экспорта остатков Ozon, yandex

-- 22.01.2026 --
- Принудительный экспорт остатков отвязан от диспетчера и временных периодов.


-- 22.01.2026 v28 --
- Обновлено логирование экспорта остатков.

-- 21.01.2026 --
- Доработана система вычисления остатков по разным складам.
- Настройка экспорта остатков на странице провайдеров переведена на Owl
- Доработана система кнопок, задан порядок и произведена сортировка.
- Добавлен дополнительный параметр "виртуальный остаток" и описания в мастер настройки экспорта остатков и складов.
- Альфа реализация масс экспорта остатков и масс экспорта через диспетчер.
- Обновлен Queue_job

-- 20.01.2026 --
- Доработан сингл экспорт остатков Aliexpress.
- Передача сингл остатка вынесена в папки приложений провайдеров.
- Доработана система сопоставления на персональных страницах товаров.
- Устранено игнорирование настроек часового пояса в полях имеющих временной показатель.
- Добавлены методы получения остатков WB, Yandex, Ali, Ozon для моно товаров.
- Метод передачи остаток для сингл товаров переведен на Owl и оптимизирован для передачи сразу на несколько складов.

-- 18.01.2026 --
- Доработаны карточки товара всех маркетплейсов
- Уведомления вынесены отдельным приложением

-- 17.01.2026 -- 
- Импорт товаров вынесен в каталоги приложений провайдеров.
- Оптимизирована страница настроек провайдеров.
- Основное меню
- Меню настроек.
- Блок настроек профилей на странице настроек.
- В общий блок статистики добавлен фильтр "Источник заказ" и дополнительная статистика.
- Проработана текущая страница товара Ozon и Aiexpress

-- 16.01.2026 -- 
Изменено. Обьедены блоки сопоставления на странице товара.
Исправлено. Восстановлена работоспособность кнопки "Автосопоставить" на странице товара. 
Изменено. Вынесено формирования "Персональные блоки WB/Ozon/Я.Маркет/AliExpress" в каталоги приложений провайдеров.

-- 15.01.2026 -- 
Изменено. Страница товара переведена на Owl - базовый переход.
Исправлено. Отображение название товара в хлебных крошках на странице товара.
Исправлено. Некорректное формирование имени товара для товаров Aliexpress.
